#
# There is insufficient memory for the Java Runtime Environment to continue.
# Native memory allocation (mmap) failed to map 1048576 bytes. Error detail: G1 virtual space
# Possible reasons:
#   The system is out of physical RAM or swap space
#   This process is running with CompressedOops enabled, and the Java Heap may be blocking the growth of the native heap
# Possible solutions:
#   Reduce memory load on the system
#   Increase physical memory or swap space
#   Check if swap backing store is full
#   Decrease Java heap size (-Xmx/-Xms)
#   Decrease number of Java threads
#   Decrease Java thread stack sizes (-Xss)
#   Set larger code cache with -XX:ReservedCodeCacheSize=
#   JVM is running with Unscaled Compressed Oops mode in which the Java heap is
#     placed in the first 4GB address space. The Java Heap base address is the
#     maximum limit for the native heap growth. Please use -XX:HeapBaseMinAddress
#     to set the Java Heap base and to place the Java Heap above 4GB virtual address.
# This output file may be truncated or incomplete.
#
#  Out of Memory Error (os_windows.cpp:3564), pid=13332, tid=25260
#
# JRE version: Java(TM) SE Runtime Environment (24.0.1+9) (build 24.0.1+9-30)
# Java VM: Java HotSpot(TM) 64-Bit Server VM (24.0.1+9-30, mixed mode, emulated-client, sharing, tiered, compressed oops, compressed class ptrs, g1 gc, windows-amd64)
# No core dump will be written. Minidumps are not enabled by default on client versions of Windows
#

---------------  S U M M A R Y ------------

Command Line: -XX:TieredStopAtLevel=1 -Dspring.output.ansi.enabled=always -Dcom.sun.management.jmxremote -Dspring.jmx.enabled=true -Dspring.liveBeansView.mbeanDomain -Dspring.application.admin.enabled=true -Dmanagement.endpoints.jmx.exposure.include=* -javaagent:C:\Program Files\JetBrains\IntelliJ IDEA 2025.1.2\lib\idea_rt.jar=49343 -Dfile.encoding=UTF-8 -Dsun.stdout.encoding=UTF-8 -Dsun.stderr.encoding=UTF-8 com.anish.activityservice.ActivityServiceApplication

Host: AMD Ryzen 7 6800H with Radeon Graphics         , 16 cores, 7G,  Windows 11 , 64 bit Build 26100 (10.0.26100.4768)
Time: Wed Aug 20 20:15:54 2025 India Standard Time elapsed time: 12.759610 seconds (0d 0h 0m 12s)

---------------  T H R E A D  ---------------

Current thread (0x0000022fd5d89f70):  WorkerThread "GC Thread#8"    [id=25260, stack(0x000000707b700000,0x000000707b800000) (1024K)]

Stack: [0x000000707b700000,0x000000707b800000]
Native frames: (J=compiled Java code, j=interpreted, Vv=VM code, C=native code)
V  [jvm.dll+0x730739]  (no source info available)
V  [jvm.dll+0x8d9b23]  (no source info available)
V  [jvm.dll+0x8dc00d]  (no source info available)
V  [jvm.dll+0x8dc683]  (no source info available)
V  [jvm.dll+0x2aa086]  (no source info available)
V  [jvm.dll+0x72cc65]  (no source info available)
V  [jvm.dll+0x72059a]  (no source info available)
V  [jvm.dll+0x390cea]  (no source info available)
V  [jvm.dll+0x3989f6]  (no source info available)
V  [jvm.dll+0x384f21]  (no source info available)
V  [jvm.dll+0x3855e4]  (no source info available)
V  [jvm.dll+0x3856ad]  (no source info available)
V  [jvm.dll+0x35e93c]  (no source info available)
V  [jvm.dll+0x35e68d]  (no source info available)
V  [jvm.dll+0x34c145]  (no source info available)
V  [jvm.dll+0x34c536]  (no source info available)
V  [jvm.dll+0x34d1cb]  (no source info available)
V  [jvm.dll+0x34d6b6]  (no source info available)
V  [jvm.dll+0x34d0b7]  (no source info available)
V  [jvm.dll+0x392c82]  (no source info available)
V  [jvm.dll+0x39306f]  (no source info available)
V  [jvm.dll+0x3912ee]  (no source info available)
V  [jvm.dll+0x394368]  (no source info available)
V  [jvm.dll+0x3906ce]  (no source info available)
V  [jvm.dll+0x3a17c0]  (no source info available)
V  [jvm.dll+0x24819d]  (no source info available)
V  [jvm.dll+0x39064b]  (no source info available)
V  [jvm.dll+0x249f58]  (no source info available)
V  [jvm.dll+0x3a258e]  (no source info available)
V  [jvm.dll+0x3a23ca]  (no source info available)
V  [jvm.dll+0x3aabf4]  (no source info available)
V  [jvm.dll+0x3aaf0b]  (no source info available)
V  [jvm.dll+0x90c487]  (no source info available)
V  [jvm.dll+0x87d76b]  (no source info available)
V  [jvm.dll+0x72ee55]  (no source info available)
C  [ucrtbase.dll+0x37b0]  (no source info available)
C  [KERNEL32.DLL+0x2e8d7]  (no source info available)
C  [ntdll.dll+0x3c34c]  (no source info available)


---------------  P R O C E S S  ---------------

Threads class SMR info:
_java_thread_list=0x0000022fd66e8860, length=20, elements={
0x0000022ffd5310d0, 0x0000022fff53e0f0, 0x0000022fff53e930, 0x0000022fff543900,
0x0000022fff544430, 0x0000022fff54cf70, 0x0000022fff552fa0, 0x0000022fff54eea0,
0x0000022f8f53b790, 0x0000022f8f53e4f0, 0x0000022fff551260, 0x0000022fff5519b0,
0x0000022fff54fc70, 0x0000022fff552100, 0x0000022fff550b10, 0x0000022fff552850,
0x0000022fff5503c0, 0x0000022fd5b343f0, 0x0000022f8f53bf20, 0x0000022f8f53d5d0
}

Java Threads: ( => current thread )
  0x0000022ffd5310d0 JavaThread "main"                              [_thread_blocked, id=18748, stack(0x0000007079400000,0x0000007079500000) (1024K)]
  0x0000022fff53e0f0 JavaThread "Reference Handler"          daemon [_thread_blocked, id=4912, stack(0x0000007079c00000,0x0000007079d00000) (1024K)]
  0x0000022fff53e930 JavaThread "Finalizer"                  daemon [_thread_blocked, id=12836, stack(0x0000007079d00000,0x0000007079e00000) (1024K)]
  0x0000022fff543900 JavaThread "Signal Dispatcher"          daemon [_thread_blocked, id=7396, stack(0x0000007079e00000,0x0000007079f00000) (1024K)]
  0x0000022fff544430 JavaThread "Attach Listener"            daemon [_thread_blocked, id=4068, stack(0x0000007079f00000,0x000000707a000000) (1024K)]
  0x0000022fff54cf70 JavaThread "Service Thread"             daemon [_thread_blocked, id=10488, stack(0x000000707a000000,0x000000707a100000) (1024K)]
  0x0000022fff552fa0 JavaThread "Monitor Deflation Thread"   daemon [_thread_blocked, id=20248, stack(0x000000707a100000,0x000000707a200000) (1024K)]
  0x0000022fff54eea0 JavaThread "C1 CompilerThread0"         daemon [_thread_blocked, id=20252, stack(0x000000707a200000,0x000000707a300000) (1024K)]
  0x0000022f8f53b790 JavaThread "C1 CompilerThread1"         daemon [_thread_blocked, id=7140, stack(0x000000707a300000,0x000000707a400000) (1024K)]
  0x0000022f8f53e4f0 JavaThread "C1 CompilerThread2"         daemon [_thread_blocked, id=3708, stack(0x000000707a400000,0x000000707a500000) (1024K)]
  0x0000022fff551260 JavaThread "Common-Cleaner"             daemon [_thread_blocked, id=4228, stack(0x000000707a500000,0x000000707a600000) (1024K)]
  0x0000022fff5519b0 JavaThread "Monitor Ctrl-Break"         daemon [_thread_in_native, id=13128, stack(0x000000707a600000,0x000000707a700000) (1024K)]
  0x0000022fff54fc70 JavaThread "Notification Thread"        daemon [_thread_blocked, id=16564, stack(0x000000707a700000,0x000000707a800000) (1024K)]
  0x0000022fff552100 JavaThread "RMI TCP Accept-0"           daemon [_thread_in_native, id=27472, stack(0x000000707a900000,0x000000707aa00000) (1024K)]
  0x0000022fff550b10 JavaThread "RMI TCP Connection(1)-192.168.1.11" daemon [_thread_blocked, id=21212, stack(0x000000707aa00000,0x000000707ab00000) (1024K)]
  0x0000022fff552850 JavaThread "RMI Scheduler(0)"           daemon [_thread_blocked, id=9776, stack(0x000000707ab00000,0x000000707ac00000) (1024K)]
  0x0000022fff5503c0 JavaThread "JMX server connection timeout 40" daemon [_thread_blocked, id=20940, stack(0x000000707ac00000,0x000000707ad00000) (1024K)]
  0x0000022fd5b343f0 JavaThread "RMI TCP Connection(2)-192.168.1.11" daemon [_thread_blocked, id=7852, stack(0x000000707ad00000,0x000000707ae00000) (1024K)]
  0x0000022f8f53bf20 JavaThread "C1 CompilerThread3"         daemon [_thread_blocked, id=2524, stack(0x000000707b400000,0x000000707b500000) (1024K)]
  0x0000022f8f53d5d0 JavaThread "C1 CompilerThread4"         daemon [_thread_blocked, id=4588, stack(0x000000707b500000,0x000000707b600000) (1024K)]
Total: 20

Other Threads:
  0x0000022fff52e820 VMThread "VM Thread"                           [id=4312, stack(0x0000007079b00000,0x0000007079c00000) (1024K)]
  0x0000022fff3fc940 WatcherThread "VM Periodic Task Thread"        [id=6248, stack(0x0000007079a00000,0x0000007079b00000) (1024K)]
  0x0000022ffd5836a0 WorkerThread "GC Thread#0"                     [id=20216, stack(0x0000007079500000,0x0000007079600000) (1024K)]
  0x0000022fd5b02c20 WorkerThread "GC Thread#1"                     [id=4340, stack(0x000000707ae00000,0x000000707af00000) (1024K)]
  0x0000022fd5c175f0 WorkerThread "GC Thread#2"                     [id=26336, stack(0x000000707af00000,0x000000707b000000) (1024K)]
  0x0000022fd5b02fd0 WorkerThread "GC Thread#3"                     [id=25892, stack(0x000000707b000000,0x000000707b100000) (1024K)]
  0x0000022fd5c114b0 WorkerThread "GC Thread#4"                     [id=13144, stack(0x000000707b100000,0x000000707b200000) (1024K)]
  0x0000022fd5c16390 WorkerThread "GC Thread#5"                     [id=21432, stack(0x000000707b200000,0x000000707b300000) (1024K)]
  0x0000022fd5c16740 WorkerThread "GC Thread#6"                     [id=6924, stack(0x000000707b300000,0x000000707b400000) (1024K)]
  0x0000022fd5d8b590 WorkerThread "GC Thread#7"                     [id=20072, stack(0x000000707b600000,0x000000707b700000) (1024K)]
=>0x0000022fd5d89f70 WorkerThread "GC Thread#8"                     [id=25260, stack(0x000000707b700000,0x000000707b800000) (1024K)]
  0x0000022fd5d8ae30 WorkerThread "GC Thread#9"                     [id=14592, stack(0x000000707b800000,0x000000707b900000) (1024K)]
  0x0000022fd5d885a0 WorkerThread "GC Thread#10"                    [id=14360, stack(0x000000707b900000,0x000000707ba00000) (1024K)]
  0x0000022fd5d88950 WorkerThread "GC Thread#11"                    [id=10724, stack(0x000000707ba00000,0x000000707bb00000) (1024K)]
  0x0000022fd5d88d00 WorkerThread "GC Thread#12"                    [id=11908, stack(0x000000707bb00000,0x000000707bc00000) (1024K)]
  0x0000022ffd597160 ConcurrentGCThread "G1 Main Marker"            [id=20160, stack(0x0000007079600000,0x0000007079700000) (1024K)]
  0x0000022ffd5986f0 WorkerThread "G1 Conc#0"                       [id=16448, stack(0x0000007079700000,0x0000007079800000) (1024K)]
  0x0000022fd5d8a320 WorkerThread "G1 Conc#1"                       [id=27084, stack(0x000000707bc00000,0x000000707bd00000) (1024K)]
  0x0000022fd5d87a90 WorkerThread "G1 Conc#2"                       [id=2796, stack(0x000000707bd00000,0x000000707be00000) (1024K)]
  0x0000022fff3f3ef0 ConcurrentGCThread "G1 Refine#0"               [id=5476, stack(0x0000007079800000,0x0000007079900000) (1024K)]
  0x0000022fff3f4720 ConcurrentGCThread "G1 Service"                [id=21600, stack(0x0000007079900000,0x0000007079a00000) (1024K)]
Total: 21

Threads with active compile tasks:
Total: 0

VM state: at safepoint (normal execution)

VM Mutex/Monitor currently owned by a thread:  ([mutex/lock_event])
[0x00007ff86e5a1fb0] FreeList_lock - owner thread: 0x0000022fd5d89f70
[0x00007ff86e5a44b0] Threads_lock - owner thread: 0x0000022fff52e820
[0x00007ff86e5a45b0] Heap_lock - owner thread: 0x0000022ffd5310d0

Heap address: 0x000000008ce00000, size: 1842 MB, Compressed Oops mode: 32-bit

CDS archive(s) mapped at: [0x0000022f90000000-0x0000022f90d40000-0x0000022f90d40000), size 13893632, SharedBaseAddress: 0x0000022f90000000, ArchiveRelocationMode: 1.
Compressed class space mapped at: 0x0000022f91000000-0x0000022fd1000000, reserved size: 1073741824
UseCompressedClassPointers 1, UseCompactObjectHeaders 0
Narrow klass pointer bits 32, Max shift 3
Narrow klass base: 0x0000022f90000000, Narrow klass shift: 0
Encoding Range: [0x0000022f90000000 - 0x0000023090000000), (4294967296 bytes)
Klass Range:    [0x0000022f90000000 - 0x0000022fd1000000), (1090519040 bytes)
Klass ID Range:  [8 - 1090519033) (1090519025)

GC Precious Log:
 CardTable entry size: 512
 Card Set container configuration: InlinePtr #cards 5 size 8 Array Of Cards #cards 10 size 36 Howl #buckets 4 coarsen threshold 1843 Howl Bitmap #cards 512 size 80 coarsen threshold 460 Card regions per heap region 1 cards per card region 2048
 CPUs: 16 total, 16 available
 Memory: 7365M
 Large Page Support: Disabled
 NUMA Support: Disabled
 Compressed Oops: Enabled (32-bit)
 Heap Region Size: 1M
 Heap Min Capacity: 8M
 Heap Initial Capacity: 116M
 Heap Max Capacity: 1842M
 Pre-touch: Disabled
 Parallel Workers: 13
 Concurrent Workers: 3
 Concurrent Refinement Workers: 13
 Periodic GC: Disabled

Heap:
 garbage-first heap   total reserved 1886208K, committed 73728K, used 66555K [0x000000008ce00000, 0x0000000100000000)
  region size 1024K, 52 young (53248K), 5 survivors (5120K)
 Metaspace       used 26515K, committed 26880K, reserved 1114112K
  class space    used 2995K, committed 3136K, reserved 1048576K

Heap Regions: E=young(eden), S=young(survivor), O=old, HS=humongous(starts), HC=humongous(continues), CS=collection set, F=free, TAMS=top-at-mark-start, PB=parsable bottom
|   0|0x000000008ce00000, 0x000000008cf00000, 0x000000008cf00000|100%|HS|  |TAMS 0x000000008ce00000| PB 0x000000008ce00000| Complete |  0
|   1|0x000000008cf00000, 0x000000008d000000, 0x000000008d000000|100%| O|  |TAMS 0x000000008cf00000| PB 0x000000008cf00000| Untracked |  0
|   2|0x000000008d000000, 0x000000008d100000, 0x000000008d100000|100%| O|  |TAMS 0x000000008d000000| PB 0x000000008d000000| Untracked |  0
|   3|0x000000008d100000, 0x000000008d200000, 0x000000008d200000|100%| O|  |TAMS 0x000000008d100000| PB 0x000000008d100000| Untracked |  0
|   4|0x000000008d200000, 0x000000008d300000, 0x000000008d300000|100%| O|  |TAMS 0x000000008d200000| PB 0x000000008d200000| Untracked |  0
|   5|0x000000008d300000, 0x000000008d400000, 0x000000008d400000|100%| O|  |TAMS 0x000000008d300000| PB 0x000000008d300000| Untracked |  0
|   6|0x000000008d400000, 0x000000008d500000, 0x000000008d500000|100%| O|  |TAMS 0x000000008d400000| PB 0x000000008d400000| Untracked |  0
|   7|0x000000008d500000, 0x000000008d600000, 0x000000008d600000|100%| O|  |TAMS 0x000000008d500000| PB 0x000000008d500000| Untracked |  0
|   8|0x000000008d600000, 0x000000008d700000, 0x000000008d700000|100%| O|  |TAMS 0x000000008d600000| PB 0x000000008d600000| Untracked |  0
|   9|0x000000008d700000, 0x000000008d800000, 0x000000008d800000|100%| O|  |TAMS 0x000000008d700000| PB 0x000000008d700000| Untracked |  0
|  10|0x000000008d800000, 0x000000008d900000, 0x000000008d900000|100%| O|  |TAMS 0x000000008d800000| PB 0x000000008d800000| Untracked |  0
|  11|0x000000008d900000, 0x000000008da00000, 0x000000008da00000|100%| O|  |TAMS 0x000000008d900000| PB 0x000000008d900000| Untracked |  0
|  12|0x000000008da00000, 0x000000008daba8a0, 0x000000008db00000| 72%| O|  |TAMS 0x000000008da00000| PB 0x000000008da00000| Untracked |  0
|  13|0x000000008db00000, 0x000000008dc00000, 0x000000008dc00000|100%| E|CS|TAMS 0x000000008db00000| PB 0x000000008db00000| Complete |  0
|  14|0x000000008dc00000, 0x000000008dd00000, 0x000000008dd00000|100%| E|CS|TAMS 0x000000008dc00000| PB 0x000000008dc00000| Complete |  0
|  15|0x000000008dd00000, 0x000000008de00000, 0x000000008de00000|100%| E|CS|TAMS 0x000000008dd00000| PB 0x000000008dd00000| Complete |  0
|  16|0x000000008de00000, 0x000000008df00000, 0x000000008df00000|100%| E|CS|TAMS 0x000000008de00000| PB 0x000000008de00000| Complete |  0
|  17|0x000000008df00000, 0x000000008e000000, 0x000000008e000000|100%| E|CS|TAMS 0x000000008df00000| PB 0x000000008df00000| Complete |  0
|  18|0x000000008e000000, 0x000000008e100000, 0x000000008e100000|100%| E|CS|TAMS 0x000000008e000000| PB 0x000000008e000000| Complete |  0
|  19|0x000000008e100000, 0x000000008e200000, 0x000000008e200000|100%| E|CS|TAMS 0x000000008e100000| PB 0x000000008e100000| Complete |  0
|  20|0x000000008e200000, 0x000000008e300000, 0x000000008e300000|100%| E|CS|TAMS 0x000000008e200000| PB 0x000000008e200000| Complete |  0
|  21|0x000000008e300000, 0x000000008e400000, 0x000000008e400000|100%| E|CS|TAMS 0x000000008e300000| PB 0x000000008e300000| Complete |  0
|  22|0x000000008e400000, 0x000000008e500000, 0x000000008e500000|100%| E|CS|TAMS 0x000000008e400000| PB 0x000000008e400000| Complete |  0
|  23|0x000000008e500000, 0x000000008e600000, 0x000000008e600000|100%| E|CS|TAMS 0x000000008e500000| PB 0x000000008e500000| Complete |  0
|  24|0x000000008e600000, 0x000000008e700000, 0x000000008e700000|100%| E|CS|TAMS 0x000000008e600000| PB 0x000000008e600000| Complete |  0
|  25|0x000000008e700000, 0x000000008e800000, 0x000000008e800000|100%| E|CS|TAMS 0x000000008e700000| PB 0x000000008e700000| Complete |  0
|  26|0x000000008e800000, 0x000000008e900000, 0x000000008e900000|100%| E|CS|TAMS 0x000000008e800000| PB 0x000000008e800000| Complete |  0
|  27|0x000000008e900000, 0x000000008ea00000, 0x000000008ea00000|100%| E|CS|TAMS 0x000000008e900000| PB 0x000000008e900000| Complete |  0
|  28|0x000000008ea00000, 0x000000008eb00000, 0x000000008eb00000|100%| E|CS|TAMS 0x000000008ea00000| PB 0x000000008ea00000| Complete |  0
|  29|0x000000008eb00000, 0x000000008ec00000, 0x000000008ec00000|100%| E|CS|TAMS 0x000000008eb00000| PB 0x000000008eb00000| Complete |  0
|  30|0x000000008ec00000, 0x000000008ed00000, 0x000000008ed00000|100%| E|CS|TAMS 0x000000008ec00000| PB 0x000000008ec00000| Complete |  0
|  31|0x000000008ed00000, 0x000000008ee00000, 0x000000008ee00000|100%| E|CS|TAMS 0x000000008ed00000| PB 0x000000008ed00000| Complete |  0
|  32|0x000000008ee00000, 0x000000008ef00000, 0x000000008ef00000|100%| E|CS|TAMS 0x000000008ee00000| PB 0x000000008ee00000| Complete |  0
|  33|0x000000008ef00000, 0x000000008f000000, 0x000000008f000000|100%| E|CS|TAMS 0x000000008ef00000| PB 0x000000008ef00000| Complete |  0
|  34|0x000000008f000000, 0x000000008f100000, 0x000000008f100000|100%| E|CS|TAMS 0x000000008f000000| PB 0x000000008f000000| Complete |  0
|  35|0x000000008f100000, 0x000000008f200000, 0x000000008f200000|100%| E|CS|TAMS 0x000000008f100000| PB 0x000000008f100000| Complete |  0
|  36|0x000000008f200000, 0x000000008f300000, 0x000000008f300000|100%| E|CS|TAMS 0x000000008f200000| PB 0x000000008f200000| Complete |  0
|  37|0x000000008f300000, 0x000000008f400000, 0x000000008f400000|100%| E|CS|TAMS 0x000000008f300000| PB 0x000000008f300000| Complete |  0
|  38|0x000000008f400000, 0x000000008f500000, 0x000000008f500000|100%| E|CS|TAMS 0x000000008f400000| PB 0x000000008f400000| Complete |  0
|  39|0x000000008f500000, 0x000000008f600000, 0x000000008f600000|100%| E|CS|TAMS 0x000000008f500000| PB 0x000000008f500000| Complete |  0
|  40|0x000000008f600000, 0x000000008f700000, 0x000000008f700000|100%| E|CS|TAMS 0x000000008f600000| PB 0x000000008f600000| Complete |  0
|  41|0x000000008f700000, 0x000000008f800000, 0x000000008f800000|100%| E|CS|TAMS 0x000000008f700000| PB 0x000000008f700000| Complete |  0
|  42|0x000000008f800000, 0x000000008f900000, 0x000000008f900000|100%| E|CS|TAMS 0x000000008f800000| PB 0x000000008f800000| Complete |  0
|  43|0x000000008f900000, 0x000000008fa00000, 0x000000008fa00000|100%| E|CS|TAMS 0x000000008f900000| PB 0x000000008f900000| Complete |  0
|  44|0x000000008fa00000, 0x000000008fb00000, 0x000000008fb00000|100%| E|CS|TAMS 0x000000008fa00000| PB 0x000000008fa00000| Complete |  0
|  45|0x000000008fb00000, 0x000000008fc00000, 0x000000008fc00000|100%| E|CS|TAMS 0x000000008fb00000| PB 0x000000008fb00000| Complete |  0
|  46|0x000000008fc00000, 0x000000008fd00000, 0x000000008fd00000|100%| E|CS|TAMS 0x000000008fc00000| PB 0x000000008fc00000| Complete |  0
|  47|0x000000008fd00000, 0x000000008fe00000, 0x000000008fe00000|100%| E|CS|TAMS 0x000000008fd00000| PB 0x000000008fd00000| Complete |  0
|  48|0x000000008fe00000, 0x000000008ff00000, 0x000000008ff00000|100%| E|CS|TAMS 0x000000008fe00000| PB 0x000000008fe00000| Complete |  0
|  49|0x000000008ff00000, 0x0000000090000000, 0x0000000090000000|100%| E|CS|TAMS 0x000000008ff00000| PB 0x000000008ff00000| Complete |  0
|  50|0x0000000090000000, 0x0000000090100000, 0x0000000090100000|100%| E|CS|TAMS 0x0000000090000000| PB 0x0000000090000000| Complete |  0
|  51|0x0000000090100000, 0x0000000090200000, 0x0000000090200000|100%| E|CS|TAMS 0x0000000090100000| PB 0x0000000090100000| Complete |  0
|  52|0x0000000090200000, 0x0000000090300000, 0x0000000090300000|100%| E|CS|TAMS 0x0000000090200000| PB 0x0000000090200000| Complete |  0
|  53|0x0000000090300000, 0x0000000090400000, 0x0000000090400000|100%| E|CS|TAMS 0x0000000090300000| PB 0x0000000090300000| Complete |  0
|  54|0x0000000090400000, 0x0000000090500000, 0x0000000090500000|100%| E|CS|TAMS 0x0000000090400000| PB 0x0000000090400000| Complete |  0
|  55|0x0000000090500000, 0x0000000090600000, 0x0000000090600000|100%| E|CS|TAMS 0x0000000090500000| PB 0x0000000090500000| Complete |  0
|  56|0x0000000090600000, 0x0000000090700000, 0x0000000090700000|100%| E|CS|TAMS 0x0000000090600000| PB 0x0000000090600000| Complete |  0
|  57|0x0000000090700000, 0x0000000090800000, 0x0000000090800000|100%| E|CS|TAMS 0x0000000090700000| PB 0x0000000090700000| Complete |  0
|  58|0x0000000090800000, 0x0000000090900000, 0x0000000090900000|100%| E|CS|TAMS 0x0000000090800000| PB 0x0000000090800000| Complete |  0
|  59|0x0000000090900000, 0x0000000090a00000, 0x0000000090a00000|100%| S|  |TAMS 0x0000000090900000| PB 0x0000000090900000| Complete |  0
|  60|0x0000000090a00000, 0x0000000090b00000, 0x0000000090b00000|100%| S|  |TAMS 0x0000000090a00000| PB 0x0000000090a00000| Complete |  0
|  61|0x0000000090b00000, 0x0000000090c00000, 0x0000000090c00000|100%| S|  |TAMS 0x0000000090b00000| PB 0x0000000090b00000| Complete |  0
|  62|0x0000000090c00000, 0x0000000090d00000, 0x0000000090d00000|100%| S|  |TAMS 0x0000000090c00000| PB 0x0000000090c00000| Complete |  0
|  63|0x0000000090d00000, 0x0000000090e00000, 0x0000000090e00000|100%| S|  |TAMS 0x0000000090d00000| PB 0x0000000090d00000| Complete |  0
| 100|0x0000000093200000, 0x0000000093227458, 0x0000000093300000| 15%| E|CS|TAMS 0x0000000093200000| PB 0x0000000093200000| Complete |  0
| 101|0x0000000093300000, 0x0000000093400000, 0x0000000093400000|100%| E|CS|TAMS 0x0000000093300000| PB 0x0000000093300000| Complete |  0
| 102|0x0000000093400000, 0x0000000093500000, 0x0000000093500000|100%| E|CS|TAMS 0x0000000093400000| PB 0x0000000093400000| Complete |  0
| 103|0x0000000093500000, 0x0000000093600000, 0x0000000093600000|100%| E|CS|TAMS 0x0000000093500000| PB 0x0000000093500000| Complete |  0
| 104|0x0000000093600000, 0x0000000093700000, 0x0000000093700000|100%| E|CS|TAMS 0x0000000093600000| PB 0x0000000093600000| Complete |  0
| 115|0x0000000094100000, 0x0000000094200000, 0x0000000094200000|100%| E|CS|TAMS 0x0000000094100000| PB 0x0000000094100000| Complete |  0
|1840|0x00000000ffe00000, 0x00000000fff00000, 0x00000000fff00000|100%| O|  |TAMS 0x00000000ffe00000| PB 0x00000000ffe00000| Untracked |  0
|1841|0x00000000fff00000, 0x00000000fff1d1c0, 0x0000000100000000| 11%| O|Cm|TAMS 0x00000000fff00000| PB 0x00000000fff00000| Complete |  0

Card table byte_map: [0x0000022ffe200000,0x0000022ffe5a0000] _byte_map_base: 0x0000022ffdd99000

Marking Bits: (CMBitMap*) 0x0000022ffd5844d0
 Bits: [0x0000022f8b7e0000, 0x0000022f8d4a8000)

Polling page: 0x0000022ffb1b0000

Metaspace:

Usage:
  Non-class:     22.97 MB used.
      Class:      2.93 MB used.
       Both:     25.89 MB used.

Virtual space:
  Non-class space:       64.00 MB reserved,      23.19 MB ( 36%) committed,  1 nodes.
      Class space:        1.00 GB reserved,       3.06 MB ( <1%) committed,  1 nodes.
             Both:        1.06 GB reserved,      26.25 MB (  2%) committed. 

Chunk freelists:
   Non-Class:  8.09 MB
       Class:  12.84 MB
        Both:  20.94 MB

MaxMetaspaceSize: unlimited
CompressedClassSpaceSize: 1.00 GB
Initial GC threshold: 21.00 MB
Current GC threshold: 35.12 MB
CDS: on
 - commit_granule_bytes: 65536.
 - commit_granule_words: 8192.
 - virtual_space_node_default_size: 8388608.
 - enlarge_chunks_in_place: 1.
UseCompressedClassPointers 1, UseCompactObjectHeaders 0
Narrow klass pointer bits 32, Max shift 3
Narrow klass base: 0x0000022f90000000, Narrow klass shift: 0
Encoding Range: [0x0000022f90000000 - 0x0000023090000000), (4294967296 bytes)
Klass Range:    [0x0000022f90000000 - 0x0000022fd1000000), (1090519040 bytes)
Klass ID Range:  [8 - 1090519033) (1090519025)


Internal statistics:

num_allocs_failed_limit: 3.
num_arena_births: 352.
num_arena_deaths: 0.
num_vsnodes_births: 2.
num_vsnodes_deaths: 0.
num_space_committed: 420.
num_space_uncommitted: 0.
num_chunks_returned_to_freelist: 3.
num_chunks_taken_from_freelist: 1158.
num_chunk_merges: 3.
num_chunk_splits: 821.
num_chunks_enlarged: 639.
num_inconsistent_stats: 0.

CodeCache: size=49152Kb used=8464Kb max_used=8464Kb free=40687Kb
 bounds [0x0000022f887e0000, 0x0000022f89030000, 0x0000022f8b7e0000]
 total_blobs=4732, nmethods=4190, adapters=463, full_count=0
Compilation: enabled, stopped_count=0, restarted_count=0

Compilation events (20 events):
Event: 9.721 Thread 0x0000022f8f53b790 4186       1       java.util.stream.Streams::composedClose (10 bytes)
Event: 9.721 Thread 0x0000022f8f53d5d0 4184       1       java.util.stream.Streams$ConcatSpliterator$OfRef::<init> (7 bytes)
Event: 9.721 Thread 0x0000022fff54eea0 4187       1       java.util.stream.Streams$2::<init> (15 bytes)
Event: 9.721 Thread 0x0000022f8f53d5d0 nmethod 4184 0x0000022f89020208 code [0x0000022f89020320, 0x0000022f89020400]
Event: 9.721 Thread 0x0000022fff54eea0 nmethod 4187 0x0000022f89020508 code [0x0000022f89020620, 0x0000022f89020780]
Event: 9.721 Thread 0x0000022f8f53bf20 nmethod 4185 0x0000022f89020808 code [0x0000022f89020940, 0x0000022f89020b58]
Event: 9.721 Thread 0x0000022f8f53b790 nmethod 4186 0x0000022f89020b88 code [0x0000022f89020ca0, 0x0000022f89020e38]
Event: 9.721 Thread 0x0000022f8f53e4f0 nmethod 4183 0x0000022f89020e88 code [0x0000022f89021040, 0x0000022f89021708]
Event: 9.723 Thread 0x0000022f8f53b790 4188       1       java.io.ObjectStreamClass$FieldReflector::getObjFieldValues (96 bytes)
Event: 9.723 Thread 0x0000022f8f53b790 nmethod 4188 0x0000022f89021788 code [0x0000022f890218e0, 0x0000022f89021d08]
Event: 9.728 Thread 0x0000022f8f53e4f0 4189       1       org.springframework.core.MethodParameter::<init> (30 bytes)
Event: 9.729 Thread 0x0000022f8f53e4f0 nmethod 4189 0x0000022f89021d88 code [0x0000022f89021ee0, 0x0000022f890222b8]
Event: 9.733 Thread 0x0000022f8f53b790 4190   !   1       org.springframework.util.ReflectionUtils::getDeclaredMethods (186 bytes)
Event: 9.734 Thread 0x0000022f8f53b790 nmethod 4190 0x0000022f89022388 code [0x0000022f890225c0, 0x0000022f89022e40]
Event: 9.738 Thread 0x0000022f8f53bf20 4191       1       org.springframework.core.SerializableTypeWrapper$MethodParameterTypeProvider::<init> (59 bytes)
Event: 9.738 Thread 0x0000022f8f53b790 4192       1       org.springframework.core.ResolvableType::getNested (121 bytes)
Event: 9.738 Thread 0x0000022f8f53bf20 nmethod 4191 0x0000022f89022f08 code [0x0000022f89023060, 0x0000022f89023458]
Event: 9.739 Thread 0x0000022f8f53b790 nmethod 4192 0x0000022f89023508 code [0x0000022f890236a0, 0x0000022f89023c00]
Event: 9.746 Thread 0x0000022f8f53d5d0 4193       1       org.springframework.core.annotation.TypeMappedAnnotations::get (52 bytes)
Event: 9.747 Thread 0x0000022f8f53d5d0 nmethod 4193 0x0000022f89023c88 code [0x0000022f89023de0, 0x0000022f89024088]

GC Heap History (7 events):
Event: 2.698 GC heap before
{Heap before GC invocations=0 (full 0):
 garbage-first heap   total reserved 1886208K, committed 120832K, used 54388K [0x000000008ce00000, 0x0000000100000000)
  region size 1024K, 47 young (48128K), 0 survivors (0K)
 Metaspace       used 9321K, committed 9536K, reserved 1114112K
  class space    used 922K, committed 1024K, reserved 1048576K
}
Event: 2.728 GC heap after
{Heap after GC invocations=1 (full 0):
 garbage-first heap   total reserved 1886208K, committed 120832K, used 13636K [0x000000008ce00000, 0x0000000100000000)
  region size 1024K, 6 young (6144K), 6 survivors (6144K)
 Metaspace       used 9321K, committed 9536K, reserved 1114112K
  class space    used 922K, committed 1024K, reserved 1048576K
}
Event: 4.961 GC heap before
{Heap before GC invocations=1 (full 0):
 garbage-first heap   total reserved 1886208K, committed 120832K, used 56644K [0x000000008ce00000, 0x0000000100000000)
  region size 1024K, 49 young (50176K), 6 survivors (6144K)
 Metaspace       used 19126K, committed 19456K, reserved 1114112K
  class space    used 2097K, committed 2240K, reserved 1048576K
}
Event: 4.969 GC heap after
{Heap after GC invocations=2 (full 0):
 garbage-first heap   total reserved 1886208K, committed 120832K, used 17457K [0x000000008ce00000, 0x0000000100000000)
  region size 1024K, 4 young (4096K), 4 survivors (4096K)
 Metaspace       used 19126K, committed 19456K, reserved 1114112K
  class space    used 2097K, committed 2240K, reserved 1048576K
}
Event: 5.202 GC heap before
{Heap before GC invocations=2 (full 0):
 garbage-first heap   total reserved 1886208K, committed 120832K, used 26673K [0x000000008ce00000, 0x0000000100000000)
  region size 1024K, 15 young (15360K), 4 survivors (4096K)
 Metaspace       used 21166K, committed 21504K, reserved 1114112K
  class space    used 2273K, committed 2432K, reserved 1048576K
}
Event: 5.208 GC heap after
{Heap after GC invocations=3 (full 0):
 garbage-first heap   total reserved 1886208K, committed 120832K, used 18427K [0x000000008ce00000, 0x0000000100000000)
  region size 1024K, 5 young (5120K), 5 survivors (5120K)
 Metaspace       used 21166K, committed 21504K, reserved 1114112K
  class space    used 2273K, committed 2432K, reserved 1048576K
}
Event: 9.747 GC heap before
{Heap before GC invocations=4 (full 0):
 garbage-first heap   total reserved 1886208K, committed 68608K, used 66555K [0x000000008ce00000, 0x0000000100000000)
  region size 1024K, 52 young (53248K), 5 survivors (5120K)
 Metaspace       used 26515K, committed 26880K, reserved 1114112K
  class space    used 2995K, committed 3136K, reserved 1048576K
}

Dll operation events (11 events):
Event: 0.020 Loaded shared library C:\Program Files\Java\jdk-24\bin\java.dll
Event: 0.336 Loaded shared library C:\Program Files\Java\jdk-24\bin\zip.dll
Event: 0.344 Loaded shared library C:\Program Files\Java\jdk-24\bin\instrument.dll
Event: 0.352 Loaded shared library C:\Program Files\Java\jdk-24\bin\net.dll
Event: 0.357 Loaded shared library C:\Program Files\Java\jdk-24\bin\nio.dll
Event: 0.363 Loaded shared library C:\Program Files\Java\jdk-24\bin\zip.dll
Event: 0.558 Loaded shared library C:\Program Files\Java\jdk-24\bin\jimage.dll
Event: 0.847 Loaded shared library C:\Program Files\Java\jdk-24\bin\extnet.dll
Event: 0.882 Loaded shared library C:\Program Files\Java\jdk-24\bin\management.dll
Event: 0.927 Loaded shared library C:\Program Files\Java\jdk-24\bin\management_ext.dll
Event: 5.072 Loaded shared library C:\Program Files\Java\jdk-24\bin\sunmscapi.dll

Deoptimization events (0 events):
No events

Classes loaded (20 events):
Event: 5.169 Loading class javax/naming/directory/DirContext done
Event: 5.169 Loading class javax/naming/ldap/LdapContext done
Event: 5.291 Loading class java/lang/invoke/TypeConvertingMethodAdapter$BoxHolder
Event: 5.291 Loading class java/lang/invoke/TypeConvertingMethodAdapter$BoxHolder done
Event: 5.341 Loading class java/util/stream/Streams$ConcatSpliterator$OfRef
Event: 5.341 Loading class java/util/stream/Streams$ConcatSpliterator
Event: 5.341 Loading class java/util/stream/Streams$ConcatSpliterator done
Event: 5.341 Loading class java/util/stream/Streams$ConcatSpliterator$OfRef done
Event: 5.342 Loading class java/util/stream/Streams$2
Event: 5.342 Loading class java/util/stream/Streams$2 done
Event: 6.415 Loading class java/util/concurrent/Flow$Publisher
Event: 6.415 Loading class java/util/concurrent/Flow$Publisher done
Event: 6.454 Loading class java/util/concurrent/CompletionStage
Event: 6.455 Loading class java/util/concurrent/CompletionStage done
Event: 6.479 Loading class java/util/concurrent/CompletableFuture
Event: 6.481 Loading class java/util/concurrent/CompletableFuture done
Event: 8.562 Loading class java/util/stream/ReferencePipeline$15
Event: 8.562 Loading class java/util/stream/ReferencePipeline$15 done
Event: 8.563 Loading class java/util/stream/ReferencePipeline$15$1
Event: 8.563 Loading class java/util/stream/ReferencePipeline$15$1 done

Classes unloaded (0 events):
No events

Classes redefined (0 events):
No events

Internal exceptions (20 events):
Event: 3.216 Thread 0x0000022ffd5310d0 Exception <a 'java/lang/NoSuchMethodError'{0x000000009352daa8}: 'java.lang.Object java.lang.invoke.DirectMethodHandle$Holder.newInvokeSpecial(java.lang.Object, int, java.lang.Object)'> (0x000000009352daa8) 
thrown [s\open\src\hotspot\share\interpreter\linkResolver.cpp, line 805]
Event: 3.216 Thread 0x0000022ffd5310d0 Exception <a 'java/lang/NoSuchMethodError'{0x0000000093536330}: 'int java.lang.invoke.DirectMethodHandle$Holder.invokeSpecialIFC(java.lang.Object, java.lang.Object, java.lang.Object, java.lang.Object)'> (0x0000000093536330) 
thrown [s\open\src\hotspot\share\interpreter\linkResolver.cpp, line 805]
Event: 3.244 Thread 0x0000022ffd5310d0 Exception <a 'java/lang/NoSuchMethodError'{0x0000000093422948}: 'void java.lang.invoke.DirectMethodHandle$Holder.invokeInterface(java.lang.Object, java.lang.Object, java.lang.Object)'> (0x0000000093422948) 
thrown [s\open\src\hotspot\share\interpreter\linkResolver.cpp, line 805]
Event: 3.318 Thread 0x0000022ffd5310d0 Exception <a 'java/lang/NoSuchMethodError'{0x00000000933c2e98}: 'java.lang.Object java.lang.invoke.DirectMethodHandle$Holder.invokeVirtual(java.lang.Object, java.lang.Object, java.lang.Object)'> (0x00000000933c2e98) 
thrown [s\open\src\hotspot\share\interpreter\linkResolver.cpp, line 805]
Event: 3.353 Thread 0x0000022ffd5310d0 Exception <a 'java/lang/NoSuchMethodError'{0x00000000932a7e20}: 'void java.lang.invoke.DirectMethodHandle$Holder.invokeStatic(java.lang.Object, java.lang.Object, int)'> (0x00000000932a7e20) 
thrown [s\open\src\hotspot\share\interpreter\linkResolver.cpp, line 805]
Event: 3.391 Thread 0x0000022ffd5310d0 Exception <a 'java/lang/NoSuchMethodError'{0x0000000093190818}: 'void java.lang.invoke.DirectMethodHandle$Holder.invokeVirtual(java.lang.Object, java.lang.Object, java.lang.Object, java.lang.Object)'> (0x0000000093190818) 
thrown [s\open\src\hotspot\share\interpreter\linkResolver.cpp, line 805]
Event: 4.506 Thread 0x0000022fd5b33550 Exception <a 'java/lang/NoClassDefFoundError'{0x0000000092c15040}: jakarta/validation/Validation> (0x0000000092c15040) 
thrown [s\open\src\hotspot\share\classfile\systemDictionary.cpp, line 316]
Event: 4.507 Thread 0x0000022ffd5310d0 Exception <a 'java/lang/IncompatibleClassChangeError'{0x0000000092da2e08}: Found class java.lang.Object, but interface was expected> (0x0000000092da2e08) 
thrown [s\open\src\hotspot\share\interpreter\linkResolver.cpp, line 872]
Event: 4.613 Thread 0x0000022fff550b10 Exception <a 'java/lang/NoSuchMethodError'{0x000000009287d928}: 'long java.lang.invoke.DirectMethodHandle$Holder.invokeVirtual(java.lang.Object, java.lang.Object)'> (0x000000009287d928) 
thrown [s\open\src\hotspot\share\interpreter\linkResolver.cpp, line 805]
Event: 4.614 Thread 0x0000022fff550b10 Exception <a 'java/lang/NoSuchMethodError'{0x000000009288dbd8}: 'long java.lang.invoke.DelegatingMethodHandle$Holder.reinvoke_L(java.lang.Object, java.lang.Object)'> (0x000000009288dbd8) 
thrown [s\open\src\hotspot\share\interpreter\linkResolver.cpp, line 805]
Event: 4.950 Thread 0x0000022ffd5310d0 Exception <a 'java/lang/NoSuchMethodError'{0x00000000918abc48}: 'int java.lang.invoke.DirectMethodHandle$Holder.invokeSpecial(java.lang.Object, java.lang.Object, java.lang.Object, java.lang.Object, java.lang.Object)'> (0x00000000918abc48) 
thrown [s\open\src\hotspot\share\interpreter\linkResolver.cpp, line 805]
Event: 5.004 Thread 0x0000022fd5b33550 Exception <a 'java/lang/NoSuchMethodError'{0x0000000093f0c280}: 'long java.lang.invoke.DirectMethodHandle$Holder.invokeStatic(java.lang.Object, java.lang.Object)'> (0x0000000093f0c280) 
thrown [s\open\src\hotspot\share\interpreter\linkResolver.cpp, line 805]
Event: 5.004 Thread 0x0000022fd5b33550 Exception <a 'java/lang/NoSuchMethodError'{0x0000000093f13ff0}: 'long java.lang.invoke.DirectMethodHandle$Holder.invokeStaticInit(java.lang.Object, java.lang.Object)'> (0x0000000093f13ff0) 
thrown [s\open\src\hotspot\share\interpreter\linkResolver.cpp, line 805]
Event: 5.006 Thread 0x0000022fd5b33550 Exception <a 'java/lang/NoSuchMethodError'{0x0000000093f39f60}: 'long java.lang.invoke.DirectMethodHandle$Holder.invokeInterface(java.lang.Object, java.lang.Object)'> (0x0000000093f39f60) 
thrown [s\open\src\hotspot\share\interpreter\linkResolver.cpp, line 805]
Event: 5.007 Thread 0x0000022fd5b33550 Exception <a 'java/lang/IncompatibleClassChangeError'{0x0000000093f41be0}: Found class java.lang.Object, but interface was expected> (0x0000000093f41be0) 
thrown [s\open\src\hotspot\share\interpreter\linkResolver.cpp, line 872]
Event: 5.012 Thread 0x0000022fd5b33550 Exception <a 'java/lang/NoSuchMethodError'{0x0000000093f5e318}: 'java.lang.Object java.lang.invoke.DirectMethodHandle$Holder.invokeVirtual(java.lang.Object, java.lang.Object, java.lang.Object, java.lang.Object)'> (0x0000000093f5e318) 
thrown [s\open\src\hotspot\share\interpreter\linkResolver.cpp, line 805]
Event: 5.238 Thread 0x0000022ffd5310d0 Exception <a 'java/lang/IncompatibleClassChangeError'{0x00000000941a1270}: Found class java.lang.Object, but interface was expected> (0x00000000941a1270) 
thrown [s\open\src\hotspot\share\interpreter\linkResolver.cpp, line 872]
Event: 6.409 Thread 0x0000022ffd5310d0 Exception <a 'java/lang/NoSuchMethodError'{0x000000008e46bea0}: 'int java.lang.invoke.DirectMethodHandle$Holder.invokeStatic(java.lang.Object)'> (0x000000008e46bea0) 
thrown [s\open\src\hotspot\share\interpreter\linkResolver.cpp, line 805]
Event: 6.410 Thread 0x0000022ffd5310d0 Exception <a 'java/lang/NoSuchMethodError'{0x000000008e4740b8}: 'int java.lang.invoke.DirectMethodHandle$Holder.invokeStaticInit(java.lang.Object)'> (0x000000008e4740b8) 
thrown [s\open\src\hotspot\share\interpreter\linkResolver.cpp, line 805]
Event: 6.412 Thread 0x0000022ffd5310d0 Exception <a 'java/lang/NoSuchMethodError'{0x000000008e47f158}: 'int java.lang.invoke.DirectMethodHandle$Holder.invokeVirtual(java.lang.Object, java.lang.Object, java.lang.Object)'> (0x000000008e47f158) 
thrown [s\open\src\hotspot\share\interpreter\linkResolver.cpp, line 805]

VM Operations (20 events):
Event: 5.224 Executing VM operation: G1PauseCleanup done
Event: 5.244 Executing VM operation: HandshakeAllThreads (Deoptimize)
Event: 5.244 Executing VM operation: HandshakeAllThreads (Deoptimize) done
Event: 5.728 Executing VM operation: HandshakeAllThreads (Deoptimize)
Event: 5.728 Executing VM operation: HandshakeAllThreads (Deoptimize) done
Event: 5.813 Executing VM operation: HandshakeAllThreads (Deoptimize)
Event: 5.813 Executing VM operation: HandshakeAllThreads (Deoptimize) done
Event: 6.195 Executing VM operation: HandshakeAllThreads (Deoptimize)
Event: 6.195 Executing VM operation: HandshakeAllThreads (Deoptimize) done
Event: 6.196 Executing VM operation: HandshakeAllThreads (Deoptimize)
Event: 6.196 Executing VM operation: HandshakeAllThreads (Deoptimize) done
Event: 6.207 Executing VM operation: HandshakeAllThreads (Deoptimize)
Event: 6.207 Executing VM operation: HandshakeAllThreads (Deoptimize) done
Event: 6.411 Executing VM operation: HandshakeAllThreads (Deoptimize)
Event: 6.411 Executing VM operation: HandshakeAllThreads (Deoptimize) done
Event: 8.569 Executing VM operation: HandshakeAllThreads (Deoptimize)
Event: 8.569 Executing VM operation: HandshakeAllThreads (Deoptimize) done
Event: 8.617 Executing VM operation: HandshakeAllThreads (Deoptimize)
Event: 8.617 Executing VM operation: HandshakeAllThreads (Deoptimize) done
Event: 9.747 Executing VM operation: G1CollectForAllocation (G1 Evacuation Pause)

Memory protections (0 events):
No events

Nmethod flushes (0 events):
No events

Events (20 events):
Event: 4.440 Thread 0x0000022f8f53c6b0 Thread exited: 0x0000022f8f53c6b0
Event: 4.448 Thread 0x0000022fd5b34b40 Thread exited: 0x0000022fd5b34b40
Event: 4.500 Thread 0x0000022ffd5310d0 Thread added: 0x0000022fd5b33550
Event: 4.691 Thread 0x0000022f8f53b790 Thread added: 0x0000022f8f53bf20
Event: 4.693 Thread 0x0000022f8f53b790 Thread added: 0x0000022f8f53d5d0
Event: 4.950 Thread 0x0000022fff550b10 Thread added: 0x0000022fd5b36130
Event: 4.956 Thread 0x0000022fd5b36130 Thread exited: 0x0000022fd5b36130
Event: 5.088 Thread 0x0000022fd5b33550 Thread exited: 0x0000022fd5b33550
Event: 5.138 Thread 0x0000022ffd5310d0 Thread added: 0x0000022fd5b36130
Event: 5.225 Thread 0x0000022fd5b36130 Thread exited: 0x0000022fd5b36130
Event: 5.459 Thread 0x0000022fff550b10 Thread added: 0x0000022fd5b34b40
Event: 5.467 Thread 0x0000022fd5b34b40 Thread exited: 0x0000022fd5b34b40
Event: 5.970 Thread 0x0000022fff550b10 Thread added: 0x0000022fd5b35290
Event: 5.977 Thread 0x0000022fd5b35290 Thread exited: 0x0000022fd5b35290
Event: 6.480 Thread 0x0000022fff550b10 Thread added: 0x0000022fd5b34b40
Event: 6.487 Thread 0x0000022fd5b34b40 Thread exited: 0x0000022fd5b34b40
Event: 8.559 Thread 0x0000022fd5b343f0 Thread added: 0x0000022fd5b33550
Event: 8.565 Thread 0x0000022fd5b33550 Thread exited: 0x0000022fd5b33550
Event: 9.068 Thread 0x0000022fff550b10 Thread added: 0x0000022fd5b35290
Event: 9.662 Thread 0x0000022fd5b35290 Thread exited: 0x0000022fd5b35290


Dynamic libraries:
0x00007ff69fb50000 - 0x00007ff69fb60000 	C:\Program Files\Java\jdk-24\bin\java.exe
0x00007ff94a0e0000 - 0x00007ff94a347000 	C:\WINDOWS\SYSTEM32\ntdll.dll
0x00007ff9498f0000 - 0x00007ff9499b9000 	C:\WINDOWS\System32\KERNEL32.DLL
0x00007ff947460000 - 0x00007ff947850000 	C:\WINDOWS\System32\KERNELBASE.dll
0x00007ff947bb0000 - 0x00007ff947cfb000 	C:\WINDOWS\System32\ucrtbase.dll
0x00007ff9362e0000 - 0x00007ff9362fb000 	C:\Program Files\Java\jdk-24\bin\VCRUNTIME140.dll
0x00007ff935f00000 - 0x00007ff935f16000 	C:\Program Files\Java\jdk-24\bin\jli.dll
0x00007ff949b50000 - 0x00007ff949d15000 	C:\WINDOWS\System32\USER32.dll
0x00007ff92e8e0000 - 0x00007ff92eb7a000 	C:\WINDOWS\WinSxS\amd64_microsoft.windows.common-controls_6595b64144ccf1df_6.0.26100.4768_none_3e0c112ce331287c\COMCTL32.dll
0x00007ff947210000 - 0x00007ff947237000 	C:\WINDOWS\System32\win32u.dll
0x00007ff949770000 - 0x00007ff94979b000 	C:\WINDOWS\System32\GDI32.dll
0x00007ff949ff0000 - 0x00007ff94a099000 	C:\WINDOWS\System32\msvcrt.dll
0x00007ff9478f0000 - 0x00007ff947a28000 	C:\WINDOWS\System32\gdi32full.dll
0x00007ff947dc0000 - 0x00007ff947e63000 	C:\WINDOWS\System32\msvcp_win.dll
0x00007ff949fb0000 - 0x00007ff949fdf000 	C:\WINDOWS\System32\IMM32.DLL
0x00007ff943c90000 - 0x00007ff943c9c000 	C:\Program Files\Java\jdk-24\bin\vcruntime140_1.dll
0x00007ff934a10000 - 0x00007ff934a9e000 	C:\Program Files\Java\jdk-24\bin\msvcp140.dll
0x00007ff86d8e0000 - 0x00007ff86e682000 	C:\Program Files\Java\jdk-24\bin\server\jvm.dll
0x00007ff948c90000 - 0x00007ff948d44000 	C:\WINDOWS\System32\ADVAPI32.dll
0x00007ff949490000 - 0x00007ff949536000 	C:\WINDOWS\System32\sechost.dll
0x00007ff9487b0000 - 0x00007ff9488c8000 	C:\WINDOWS\System32\RPCRT4.dll
0x00007ff949870000 - 0x00007ff9498e4000 	C:\WINDOWS\System32\WS2_32.dll
0x00007ff947070000 - 0x00007ff9470ce000 	C:\WINDOWS\SYSTEM32\POWRPROF.dll
0x00007ff93ec30000 - 0x00007ff93ec3b000 	C:\WINDOWS\SYSTEM32\VERSION.dll
0x00007ff938f90000 - 0x00007ff938fc5000 	C:\WINDOWS\SYSTEM32\WINMM.dll
0x00007ff947050000 - 0x00007ff947064000 	C:\WINDOWS\SYSTEM32\UMPDC.dll
0x00007ff945f90000 - 0x00007ff945fab000 	C:\WINDOWS\SYSTEM32\kernel.appcore.dll
0x00007ff934ef0000 - 0x00007ff934efa000 	C:\Program Files\Java\jdk-24\bin\jimage.dll
0x00007ff944440000 - 0x00007ff944681000 	C:\WINDOWS\SYSTEM32\DBGHELP.DLL
0x00007ff9488e0000 - 0x00007ff948c65000 	C:\WINDOWS\System32\combase.dll
0x00007ff949270000 - 0x00007ff949350000 	C:\WINDOWS\System32\OLEAUT32.dll
0x00007ff92da30000 - 0x00007ff92da73000 	C:\WINDOWS\SYSTEM32\dbgcore.DLL
0x00007ff947240000 - 0x00007ff9472d9000 	C:\WINDOWS\System32\bcryptPrimitives.dll
0x00007ff934e00000 - 0x00007ff934e0f000 	C:\Program Files\Java\jdk-24\bin\instrument.dll
0x00007ff934de0000 - 0x00007ff934dfe000 	C:\Program Files\Java\jdk-24\bin\java.dll
0x00007ff949540000 - 0x00007ff9496e0000 	C:\WINDOWS\System32\ole32.dll
0x00007ff947e70000 - 0x00007ff9485bd000 	C:\WINDOWS\System32\SHELL32.dll
0x00007ff9472e0000 - 0x00007ff947453000 	C:\WINDOWS\System32\wintypes.dll
0x00007ff944dc0000 - 0x00007ff945620000 	C:\WINDOWS\SYSTEM32\windows.storage.dll
0x00007ff949360000 - 0x00007ff949455000 	C:\WINDOWS\System32\SHCORE.dll
0x00007ff949800000 - 0x00007ff94986a000 	C:\WINDOWS\System32\shlwapi.dll
0x00007ff947130000 - 0x00007ff947159000 	C:\WINDOWS\SYSTEM32\profapi.dll
0x00007ff934dc0000 - 0x00007ff934dd7000 	C:\Program Files\Java\jdk-24\bin\zip.dll
0x00007ff934db0000 - 0x00007ff934dc0000 	C:\Program Files\Java\jdk-24\bin\net.dll
0x00007ff946520000 - 0x00007ff94658b000 	C:\WINDOWS\system32\mswsock.dll
0x00007ff934910000 - 0x00007ff934926000 	C:\Program Files\Java\jdk-24\bin\nio.dll
0x00007ff945a40000 - 0x00007ff945b66000 	C:\WINDOWS\SYSTEM32\DNSAPI.dll
0x00007ff9459a0000 - 0x00007ff9459d3000 	C:\WINDOWS\SYSTEM32\IPHLPAPI.DLL
0x00007ff9488d0000 - 0x00007ff9488da000 	C:\WINDOWS\System32\NSI.dll
0x00007ff934860000 - 0x00007ff934869000 	C:\Program Files\Java\jdk-24\bin\extnet.dll
0x00007ff93fd10000 - 0x00007ff93fd1b000 	C:\Windows\System32\rasadhlp.dll
0x00007ff940b40000 - 0x00007ff940bc6000 	C:\WINDOWS\System32\fwpuclnt.dll
0x00007ff934880000 - 0x00007ff93488a000 	C:\Program Files\Java\jdk-24\bin\management.dll
0x00007ff934870000 - 0x00007ff93487b000 	C:\Program Files\Java\jdk-24\bin\management_ext.dll
0x00007ff949d20000 - 0x00007ff949d28000 	C:\WINDOWS\System32\PSAPI.DLL
0x00007ff9467f0000 - 0x00007ff94680b000 	C:\WINDOWS\SYSTEM32\CRYPTSP.dll
0x00007ff945ef0000 - 0x00007ff945f2b000 	C:\WINDOWS\system32\rsaenh.dll
0x00007ff9465c0000 - 0x00007ff9465eb000 	C:\WINDOWS\SYSTEM32\USERENV.dll
0x00007ff947100000 - 0x00007ff947126000 	C:\WINDOWS\SYSTEM32\bcrypt.dll
0x00007ff9467e0000 - 0x00007ff9467ec000 	C:\WINDOWS\SYSTEM32\CRYPTBASE.dll
0x00007ff923130000 - 0x00007ff923148000 	C:\WINDOWS\system32\napinsp.dll
0x00007ff923060000 - 0x00007ff923072000 	C:\WINDOWS\System32\winrnr.dll
0x00007ff9230f0000 - 0x00007ff923120000 	C:\WINDOWS\system32\nlansp_c.dll
0x00007ff93ec60000 - 0x00007ff93ec80000 	C:\WINDOWS\system32\wshbth.dll
0x00007ff930130000 - 0x00007ff93017e000 	C:\WINDOWS\SYSTEM32\pdh.dll
0x00007ff935020000 - 0x00007ff935032000 	C:\WINDOWS\System32\perfproc.dll
0x00007ff921a40000 - 0x00007ff921a51000 	C:\WINDOWS\System32\perfos.dll
0x00007ff945650000 - 0x00007ff945662000 	C:\WINDOWS\SYSTEM32\pfclient.dll
0x00007ff934850000 - 0x00007ff93485e000 	C:\Program Files\Java\jdk-24\bin\sunmscapi.dll
0x00007ff947a30000 - 0x00007ff947ba7000 	C:\WINDOWS\System32\CRYPT32.dll
0x00007ff946a00000 - 0x00007ff946a30000 	C:\WINDOWS\SYSTEM32\ncrypt.dll
0x00007ff9469b0000 - 0x00007ff9469ef000 	C:\WINDOWS\SYSTEM32\NTASN1.dll

JVMTI agents:
C:\Program Files\JetBrains\IntelliJ IDEA 2025.1.2\lib\idea_rt.jar path:C:\Program Files\Java\jdk-24\bin\instrument.dll, loaded, initialized, instrumentlib options:49343

dbghelp: loaded successfully - version: 4.0.5 - missing functions: none
symbol engine: initialized successfully - sym options: 0x614 - pdb path: .;C:\Program Files\Java\jdk-24\bin;C:\WINDOWS\SYSTEM32;C:\WINDOWS\WinSxS\amd64_microsoft.windows.common-controls_6595b64144ccf1df_6.0.26100.4768_none_3e0c112ce331287c;C:\Program Files\Java\jdk-24\bin\server

VM Arguments:
jvm_args: -XX:TieredStopAtLevel=1 -Dspring.output.ansi.enabled=always -Dcom.sun.management.jmxremote -Dspring.jmx.enabled=true -Dspring.liveBeansView.mbeanDomain -Dspring.application.admin.enabled=true -Dmanagement.endpoints.jmx.exposure.include=* -javaagent:C:\Program Files\JetBrains\IntelliJ IDEA 2025.1.2\lib\idea_rt.jar=49343 -Dfile.encoding=UTF-8 -Dsun.stdout.encoding=UTF-8 -Dsun.stderr.encoding=UTF-8 
java_command: com.anish.activityservice.ActivityServiceApplication
java_class_path (initial): C:\Users\anish\IdeaProjects\fitness-microservice\activityService\target\classes;C:\Users\anish\.m2\repository\org\springframework\boot\spring-boot-starter-data-mongodb\3.5.4\spring-boot-starter-data-mongodb-3.5.4.jar;C:\Users\anish\.m2\repository\org\springframework\boot\spring-boot-starter\3.5.4\spring-boot-starter-3.5.4.jar;C:\Users\anish\.m2\repository\org\springframework\boot\spring-boot\3.5.4\spring-boot-3.5.4.jar;C:\Users\anish\.m2\repository\org\springframework\boot\spring-boot-autoconfigure\3.5.4\spring-boot-autoconfigure-3.5.4.jar;C:\Users\anish\.m2\repository\org\springframework\boot\spring-boot-starter-logging\3.5.4\spring-boot-starter-logging-3.5.4.jar;C:\Users\anish\.m2\repository\ch\qos\logback\logback-classic\1.5.18\logback-classic-1.5.18.jar;C:\Users\anish\.m2\repository\ch\qos\logback\logback-core\1.5.18\logback-core-1.5.18.jar;C:\Users\anish\.m2\repository\org\apache\logging\log4j\log4j-to-slf4j\2.24.3\log4j-to-slf4j-2.24.3.jar;C:\Users\anish\.m2\repository\org\apache\logging\log4j\log4j-api\2.24.3\log4j-api-2.24.3.jar;C:\Users\anish\.m2\repository\org\slf4j\jul-to-slf4j\2.0.17\jul-to-slf4j-2.0.17.jar;C:\Users\anish\.m2\repository\jakarta\annotation\jakarta.annotation-api\2.1.1\jakarta.annotation-api-2.1.1.jar;C:\Users\anish\.m2\repository\org\yaml\snakeyaml\2.4\snakeyaml-2.4.jar;C:\Users\anish\.m2\repository\org\mongodb\mongodb-driver-sync\5.5.1\mongodb-driver-sync-5.5.1.jar;C:\Users\anish\.m2\repository\org\mongodb\bson\5.5.1\bson-5.5.1.jar;C:\Users\anish\.m2\repository\org\mongodb\mongodb-driver-core\5.5.1\mongodb-driver-core-5.5.1.jar;C:\Users\anish\.m2\repository\org\mongodb\bson-record-codec\5.5.1\bson-record-codec-5.5.1.jar;C:\Users\anish\.m2\repository\org\springframework\data\spring-data-mongodb\4.5.2\spring-data-mongodb-4.5.2.jar;C:\Users\anish\.m2\repository\org\springframework\spring-tx\6.2.9\spring-tx-6.2.9.jar;C:\Users\anish\.m2\repository\org\springframework\spring-context\6.2.9\spring-context-6.2.9.jar;C:\Users\anish\.m2\repository\org\springframework\spring-beans\6.2.9\spring-beans-6.2.9.jar;C:\Users\anish\.m2\repository\org\springframework\spring-expression\6.2.9\spring-expression-6.2.9.jar;C:\Users\anish\.m2\repository\org\springframework\data\spring-data-commons\3.5.2\spring-data-commons-3.5.2.jar;C:\Users\anish\.m2\repository\org\slf4j\slf4j-api\2.0.17\slf4j-api-2.0.17.jar;C:\Users\anish\.m2\repository\org\springframework\boot\spring-boot-starter-web\3.5.4\spring-boot-starter-web-3.5.4.jar;C:\Users\anish\.m2\repository\org\springframework\boot\spring-boot-starter-json\3.5.4\spring-boot-starter-json-3.5.4.jar;C:\Users\anish\.m2\repository\com\fasterxml\jackson\core\jackson-databind\2.19.2\jackson-databind-2.19.2.jar;C:\Users\anish\.m2\repository\com\fasterxml\jackson\datatype\jackson-datatype-jdk8\2.19.2\jackson-datatype-jdk8-2.19.2.jar;C:\Users\anish\.m2\repository\com\fasterxml\jackson\datatype\jackson-datatype-jsr310\2.19.2\jackson-datatype-jsr310-2.19.2.jar;C:\Users\anish\.m2\repository\com\fasterxml\jackson\module\jackson-module-parameter-names\2.19.2\jackson-module-parameter-names-2.19.2.jar;C:\Users\anish\.m2\repository\org\springframework\boot\spring-boot-starter-tomcat\3.5.4\spring-boot-starter-tomcat-3.5.4.jar;C:\Users\anish\.m2\repository\org\apache\tomcat\embed\tomcat-embed-core\10.1.43\tomcat-embed-core-10.1.43.jar;C:\Users\anish\.m2\repository\org\apache\tomcat\embed\tomcat-embed-el\10.1.43\tomcat-embed-el-10.1.43.jar;C:\Users\anish\.m2\repository\org\apache\tomcat\embed\tomcat-embed-websocket\10.1.43\tomcat-embed-websocket-10.1.43.jar;C:\Users\anish\.m2\repository\org\springframework\spring-web\6.2.9\spring-web-6.2.9.jar;C:\Users\anish\.m2\repository\io\micrometer\micrometer-observation\1.15.2\micrometer-observation-1.15.2.jar;C:\Users\anish\.m2\repository\io\micrometer\micrometer-commons\1.15.2\micrometer-commons-1.15.2.jar;C:\Users\anish\.m2\repository\org\springframework\spring-webmvc\6.2.9\spring-webmvc-6.2.9.jar;C:\Users\anish\.m2\repository\org\springframework\spring-aop\6.2.9\spring-aop-6.2.9.jar;C:\Users\anish\.m2\repository\org\projectlombok\lombok\1.18.38\lombok-1.18.38.jar;C:\Users\anish\.m2\repository\org\springframework\spring-core\6.2.9\spring-core-6.2.9.jar;C:\Users\anish\.m2\repository\org\springframework\spring-jcl\6.2.9\spring-jcl-6.2.9.jar;C:\Users\anish\.m2\repository\org\springframework\boot\spring-boot-starter-webflux\3.5.4\spring-boot-starter-webflux-3.5.4.jar;C:\Users\anish\.m2\repository\org\springframework\boot\spring-boot-starter-reactor-netty\3.5.4\spring-boot-starter-reactor-netty-3.5.4.jar;C:\Users\anish\.m2\repository\io\projectreactor\netty\reactor-netty-http\1.2.8\reactor-netty-http-1.2.8.jar;C:\Users\anish\.m2\repository\io\netty\netty-codec-http\4.1.123.Final\netty-codec-http-4.1.123.Final.jar;C:\Users\anish\.m2\repository\io\netty\netty-common\4.1.123.Final\netty-common-4.1.123.Final.jar;C:\Users\anish\.m2\repository\io\netty\netty-buffer\4.1.123.Final\netty-buffer-4.1.123.Final.jar;C:\Users\anish\.m2\repository\io\netty\netty-transport\4.1.123.Final\netty-transport-4.1.123.Final.jar;C:\Users\anish\.m2\repository\io\netty\netty-codec\4.1.123.Final\netty-codec-4.1.123.Final.jar;C:\Users\anish\.m2\repository\io\netty\netty-handler\4.1.123.Final\netty-handler-4.1.123.Final.jar;C:\Users\anish\.m2\repository\io\netty\netty-codec-http2\4.1.123.Final\netty-codec-http2-4.1.123.Final.jar;C:\Users\anish\.m2\repository\io\netty\netty-resolver-dns\4.1.123.Final\netty-resolver-dns-4.1.123.Final.jar;C:\Users\anish\.m2\repository\io\netty\netty-resolver\4.1.123.Final\netty-resolver-4.1.123.Final.jar;C:\Users\anish\.m2\repository\io\netty\netty-codec-dns\4.1.123.Final\netty-codec-dns-4.1.123.Final.jar;C:\Users\anish\.m2\repository\io\netty\netty-resolver-dns-native-macos\4.1.123.Final\netty-resolver-dns-native-macos-4.1.123.Final-osx-x86_64.jar;C:\Users\anish\.m2\repository\io\netty\netty-resolver-dns-classes-macos\4.1.123.Final\netty-resolver-dns-classes-macos-4.1.123.Final.jar;C:\Users\anish\.m2\repository\io\netty\netty-transport-native-epoll\4.1.123.Final\netty-transport-native-epoll-4.1.123.Final-linux-x86_64.jar;C:\Users\anish\.m2\repository\io\netty\netty-transport-native-unix-common\4.1.123.Final\netty-transport-native-unix-common-4.1.123.Final.jar;C:\Users\anish\.m2\repository\io\netty\netty-transport-classes-epoll\4.1.123.Final\netty-transport-classes-epoll-4.1.123.Final.jar;C:\Users\anish\.m2\repository\io\projectreactor\netty\reactor-netty-core\1.2.8\reactor-netty-core-1.2.8.jar;C:\Users\anish\.m2\repository\io\netty\netty-handler-proxy\4.1.123.Final\netty-handler-proxy-4.1.123.Final.jar;C:\Users\anish\.m2\repository\io\netty\netty-codec-socks\4.1.123.Final\netty-codec-socks-4.1.123.Final.jar;C:\Users\anish\.m2\repository\org\springframework\spring-webflux\6.2.9\spring-webflux-6.2.9.jar;C:\Users\anish\.m2\repository\io\projectreactor\reactor-core\3.7.8\reactor-core-3.7.8.jar;C:\Users\anish\.m2\repository\org\reactivestreams\reactive-streams\1.0.4\reactive-streams-1.0.4.jar;C:\Users\anish\.m2\repository\org\springframework\cloud\spring-cloud-starter-netflix-eureka-client\4.3.0\spring-cloud-starter-netflix-eureka-client-4.3.0.jar;C:\Users\anish\.m2\repository\org\springframework\cloud\spring-cloud-starter\4.3.0\spring-cloud-starter-4.3.0.jar;C:\Users\anish\.m2\repository\org\springframework\cloud\spring-cloud-context\4.3.0\spring-cloud-context-4.3.0.jar;C:\Users\anish\.m2\repository\org\springframework\security\spring-security-crypto\6.5.2\spring-security-crypto-6.5.2.jar;C:\Users\anish\.m2\repository\org\springframework\cloud\spring-cloud-commons\4.3.0\spring-cloud-commons-4.3.0.jar;C:\Users\anish\.m2\repository\org\bouncycastle\bcprov-jdk18on\1.80\bcprov-jdk18on-1.80.jar;C:\Users\anish\.m2\repository\org\springframework\cloud\spring-cloud-netflix-eureka-client\4.3.0\spring-cloud-netflix-eureka-client-4.3.0.jar;C:\Users\anish\.m2\repository\org\apache\httpcomponents\client5\httpclient5\5.5\httpclient5-5.5.jar;C:\Users\anish\.m2\repository\org\apache\httpcomponents\core5\httpcore5\5.3.4\httpcore5-5.3.4.jar;C:\Users\anish\.m2\repository\org\apache\httpcomponents\core5\httpcore5-h2\5.3.4\httpcore5-h2-5.3.4.jar;C:\Users\anish\.m2\repository\com\netflix\eureka\eureka-client\2.0.4\eureka-client-2.0.4.jar;C:\Users\anish\.m2\repository\com\thoughtworks\xstream\xstream\1.4.20\xstream-1.4.20.jar;C:\Users\anish\.m2\repository\io\github\x-stream\mxparser\1.2.2\mxparser-1.2.2.jar;C:\Users\anish\.m2\repository\xmlpull\xmlpull\1.1.3.1\xmlpull-1.1.3.1.jar;C:\Users\anish\.m2\repository\jakarta\ws\rs\jakarta.ws.rs-api\3.1.0\jakarta.ws.rs-api-3.1.0.jar;C:\Users\anish\.m2\repository\jakarta\inject\jakarta.inject-api\2.0.1\jakarta.inject-api-2.0.1.jar;C:\Users\anish\.m2\repository\com\netflix\spectator\spectator-api\1.7.3\spectator-api-1.7.3.jar;C:\Users\anish\.m2\repository\org\apache\httpcomponents\httpclient\4.5.3\httpclient-4.5.3.jar;C:\Users\anish\.m2\repository\org\apache\httpcomponents\httpcore\4.4.16\httpcore-4.4.16.jar;C:\Users\anish\.m2\repository\commons-codec\commons-codec\1.18.0\commons-codec-1.18.0.jar;C:\Users\anish\.m2\repository\commons-configuration\commons-configuration\1.10\commons-configuration-1.10.jar;C:\Users\anish\.m2\repository\commons-lang\commons-lang\2.6\commons-lang-2.6.jar;C:\Users\anish\.m2\repository\com\fasterxml\jackson\core\jackson-annotations\2.19.2\jackson-annotations-2.19.2.jar;C:\Users\anish\.m2\repository\com\fasterxml\jackson\core\jackson-core\2.19.2\jackson-core-2.19.2.jar;C:\Users\anish\.m2\repository\com\netflix\netflix-commons\netflix-eventbus\0.3.0\netflix-eventbus-0.3.0.jar;C:\Users\anish\.m2\repository\com\netflix\netflix-commons\netflix-infix\0.3.0\netflix-infix-0.3.0.jar;C:\Users\anish\.m2\repository\commons-jxpath\commons-jxpath\1.3\commons-jxpath-1.3.jar;C:\Users\anish\.m2\repository\joda-time\joda-time\2.3\joda-time-2.3.jar;C:\Users\anish\.m2\repository\org\antlr\antlr-runtime\3.4\antlr-runtime-3.4.jar;C:\Users\anish\.m2\repository\org\antlr\stringtemplate\3.2.1\stringtemplate-3.2.1.jar;C:\Users\anish\.m2\repository\antlr\antlr\2.7.7\antlr-2.7.7.jar;C:\Users\anish\.m2\repository\com\google\guava\guava\14.0.1\guava-14.0.1.jar;C:\Users\anish\.m2\repository\com\google\code\gson\gson\2.13.1\gson-2.13.1.jar;C:\Users\anish\.m2\repository\com\google\errorprone\error_prone_annotations\2.38.0\error_prone_annotations-2.38.0.jar;C:\Users\anish\.m2\repository\com\netflix\servo\servo-core\0.5.3\servo-core-0.5.3.jar;C:\Users\anish\.m2\repository\org\apache\commons\commons-math\2.2\commons-math-2.2.jar;C:\Users\anish\.m2\repository\javax\annotation\javax.annotation-api\1.2\javax.annotation-api-1.2.jar;C:\Users\anish\.m2\repository\org\codehaus\jettison\jettison\1.5.4\jettison-1.5.4.jar;C:\Users\anish\.m2\repository\org\springframework\cloud\spring-cloud-starter-loadbalancer\4.3.0\spring-cloud-starter-loadbalancer-4.3.0.jar;C:\Users\anish\.m2\repository\org\springframework\cloud\spring-cloud-loadbalancer\4.3.0\spring-cloud-loadbalancer-4.3.0.jar;C:\Users\anish\.m2\repository\io\projectreactor\addons\reactor-extra\3.5.2\reactor-extra-3.5.2.jar;C:\Users\anish\.m2\repository\org\springframework\boot\spring-boot-starter-cache\3.5.4\spring-boot-starter-cache-3.5.4.jar;C:\Users\anish\.m2\repository\org\springframework\spring-context-support\6.2.9\spring-context-support-6.2.9.jar;C:\Users\anish\.m2\repository\com\stoyanr\evictor\1.0.0\evictor-1.0.0.jar;C:\Users\anish\.m2\repository\org\springframework\boot\spring-boot-starter-amqp\3.5.4\spring-boot-starter-amqp-3.5.4.jar;C:\Users\anish\.m2\repository\org\springframework\spring-messaging\6.2.9\spring-messaging-6.2.9.jar;C:\Users\anish\.m2\repository\org\springframework\amqp\spring-rabbit\3.2.6\spring-rabbit-3.2.6.jar;C:\Users\anish\.m2\repository\org\springframework\amqp\spring-amqp\3.2.6\spring-amqp-3.2.6.jar;C:\Users\anish\.m2\repository\org\springframework\retry\spring-retry\2.0.12\spring-retry-2.0.12.jar;C:\Users\anish\.m2\repository\com\rabbitmq\amqp-client\5.25.0\amqp-client-5.25.0.jar
Launcher Type: SUN_STANDARD

[Global flags]
     intx CICompilerCount                          = 12                                        {product} {ergonomic}
     uint ConcGCThreads                            = 3                                         {product} {ergonomic}
     uint G1ConcRefinementThreads                  = 13                                        {product} {ergonomic}
   size_t G1HeapRegionSize                         = 1048576                                   {product} {ergonomic}
   size_t InitialHeapSize                          = 121634816                                 {product} {ergonomic}
     bool ManagementServer                         = true                                      {product} {command line}
   size_t MarkStackSize                            = 4194304                                   {product} {ergonomic}
   size_t MarkStackSizeMax                         = 536870912                                 {product} {ergonomic}
   size_t MaxHeapSize                              = 1931476992                                {product} {ergonomic}
   size_t MaxNewSize                               = 1158676480                                {product} {ergonomic}
   size_t MinHeapDeltaBytes                        = 1048576                                   {product} {ergonomic}
   size_t MinHeapSize                              = 8388608                                   {product} {ergonomic}
    uintx NonNMethodCodeHeapSize                   = 4096                                   {pd product} {ergonomic}
    uintx NonProfiledCodeHeapSize                  = 0                                      {pd product} {ergonomic}
     bool ProfileInterpreter                       = false                                  {pd product} {command line}
    uintx ProfiledCodeHeapSize                     = 0                                      {pd product} {ergonomic}
   size_t SoftMaxHeapSize                          = 1931476992                             {manageable} {ergonomic}
     intx TieredStopAtLevel                        = 1                                         {product} {command line}
     bool UseCompressedOops                        = true                           {product lp64_product} {ergonomic}
     bool UseG1GC                                  = true                                      {product} {ergonomic}
     bool UseLargePagesIndividualAllocation        = false                                  {pd product} {ergonomic}

Logging:
Log output configuration:
 #0: stdout all=warning uptime,level,tags foldmultilines=false
 #1: stderr all=off uptime,level,tags foldmultilines=false

Environment Variables:
JAVA_HOME=C:\Program Files\Java\jdk-21
PATH=C:\Program Files\Java\jdk-21\bin;C:\Program Files\Common Files\Oracle\Java\javapath;C:\Program Files (x86)\Common Files\Oracle\Java\java8path;C:\Program Files (x86)\Common Files\Oracle\Java\javapath;C:\Windows\system32;C:\Windows;C:\Windows\System32\Wbem;C:\Windows\System32\WindowsPowerShell\v1.0\;C:\Windows\System32\OpenSSH\;C:\Program Files\NVIDIA Corporation\NVIDIA NvDLISR;C:\Program Files (x86)\ZeroTier\One\;C:\Program Files\nodejs\;C:\Program Files\Git\cmd;C:\WINDOWS\system32;C:\WINDOWS;C:\WINDOWS\System32\Wbem;C:\WINDOWS\System32\WindowsPowerShell\v1.0\;C:\WINDOWS\System32\OpenSSH\;C:\Program Files\Docker\Docker\resources\bin;C:\Program Files (x86)\NVIDIA Corporation\PhysX\Common;C:\Program Files\apache-maven-3.9.11-bin\apache-maven-3.9.11\bin;C:\Program Files\MySQL\MySQL Shell 8.0\bin\;C:\Users\anish\AppData\Local\Microsoft\WindowsApps;C:\Users\anish\AppData\Local\Programs\Microsoft VS Code\bin;C:\Users\anish\AppData\Roaming\npm;C:\MinGW\bin;C:\Program Files\Java\jdk-24\bin;C:\Program Files\gradle\gradle-8.14.2\bin;;C:\Program Files\JetBrains\IntelliJ IDEA 2025.1.2\bin;
USERNAME=anish
OS=Windows_NT
PROCESSOR_IDENTIFIER=AMD64 Family 25 Model 68 Stepping 1, AuthenticAMD
TMP=C:\Users\anish\AppData\Local\Temp
TEMP=C:\Users\anish\AppData\Local\Temp




Periodic native trim disabled

---------------  S Y S T E M  ---------------

OS:
 Windows 11 , 64 bit Build 26100 (10.0.26100.4768)
OS uptime: 0 days 2:25 hours
Hyper-V role detected

CPU: total 16 (initial active 16) (16 cores per cpu, 2 threads per core) family 25 model 68 stepping 1 microcode 0xa404102, cx8, cmov, fxsr, ht, mmx, 3dnowpref, sse, sse2, sse3, ssse3, sse4a, sse4.1, sse4.2, popcnt, lzcnt, tsc, tscinvbit, avx, avx2, aes, erms, clmul, bmi1, bmi2, adx, sha, fma, vzeroupper, clflush, clflushopt, hv, rdtscp, rdpid, fsrm, f16c, cet_ss
Processor Information for processor 0
  Max Mhz: 3201, Current Mhz: 2508, Mhz Limit: 3201
Processor Information for processor 1
  Max Mhz: 3201, Current Mhz: 1989, Mhz Limit: 3201
Processor Information for processor 2
  Max Mhz: 3201, Current Mhz: 2508, Mhz Limit: 3201
Processor Information for processor 3
  Max Mhz: 3201, Current Mhz: 1989, Mhz Limit: 3201
Processor Information for processor 4
  Max Mhz: 3201, Current Mhz: 1989, Mhz Limit: 3201
Processor Information for processor 5
  Max Mhz: 3201, Current Mhz: 2508, Mhz Limit: 3201
Processor Information for processor 6
  Max Mhz: 3201, Current Mhz: 1989, Mhz Limit: 3201
Processor Information for processor 7
  Max Mhz: 3201, Current Mhz: 1989, Mhz Limit: 3201
Processor Information for processor 8
  Max Mhz: 3201, Current Mhz: 1989, Mhz Limit: 3201
Processor Information for processor 9
  Max Mhz: 3201, Current Mhz: 1989, Mhz Limit: 3201
Processor Information for processor 10
  Max Mhz: 3201, Current Mhz: 1989, Mhz Limit: 3201
Processor Information for processor 11
  Max Mhz: 3201, Current Mhz: 1989, Mhz Limit: 3201
Processor Information for processor 12
  Max Mhz: 3201, Current Mhz: 1989, Mhz Limit: 3201
Processor Information for processor 13
  Max Mhz: 3201, Current Mhz: 1989, Mhz Limit: 3201
Processor Information for processor 14
  Max Mhz: 3201, Current Mhz: 1989, Mhz Limit: 3201
Processor Information for processor 15
  Max Mhz: 3201, Current Mhz: 1989, Mhz Limit: 3201

Memory: 4k page, system-wide physical 7365M (828M free)
TotalPageFile size 19365M (AvailPageFile size 5M)
current process WorkingSet (physical memory assigned to process): 166M, peak: 166M
current process commit charge ("private bytes"): 219M, peak: 257M

vm_info: Java HotSpot(TM) 64-Bit Server VM (24.0.1+9-30) for windows-amd64 JRE (24.0.1+9-30), built on 2025-03-05T07:23:45Z with MS VC++ 17.6 (VS2022)

END.
